2020-06-12 18:56:47,077  INFO [main] Listener:107 - Starting Appium Server
2020-06-12 18:56:47,087  INFO [main] Listener:47 - inside Class Test onStart
2020-06-12 18:57:15,097  INFO [main] Listener:86 - Executing methodSchedulingForNotified.successAstrologerBrowserLaunch()[pri:1, instance:BrowserLaunch.SchedulingForNotified@13e39c73]
2020-06-12 18:57:15,098  INFO [main] Listener:87 - inside Class Test onTestStart
2020-06-12 18:57:16,175  INFO [main] GetOtpFromDB:20 - inside getOtp from DB
2020-06-12 18:57:16,183  INFO [main] GetOtpFromDB:24 - GET http://localhost:8014/OtpServlet/GetOtpFromDB?Mobilenumber=8310378098&CountryCode=91 HTTP/1.1
2020-06-12 18:57:16,531  INFO [main] GetOtpFromDB:27 - HTTP/1.1 200 
2020-06-12 18:57:16,538  INFO [main] GetOtpFromDB:31 - {"json":{"response":{"Mobilenumber":"94c9a0353055f5b32bf6c1e535adb2a4","CountryCode":"54229abfcfa5649e7003b83dd4755294","Otp":"5749"}}}
2020-06-12 18:57:16,749  INFO [main] GetOtpFromDB:33 - requestObj :{"json":{"response":{"Mobilenumber":"94c9a0353055f5b32bf6c1e535adb2a4","CountryCode":"54229abfcfa5649e7003b83dd4755294","Otp":"5749"}}}
2020-06-12 18:57:16,750  INFO [main] GetOtpFromDB:35 - results :{"response":{"Mobilenumber":"94c9a0353055f5b32bf6c1e535adb2a4","CountryCode":"54229abfcfa5649e7003b83dd4755294","Otp":"5749"}}
2020-06-12 18:57:16,751  INFO [main] GetOtpFromDB:37 - response :{"Mobilenumber":"94c9a0353055f5b32bf6c1e535adb2a4","CountryCode":"54229abfcfa5649e7003b83dd4755294","Otp":"5749"}
2020-06-12 18:57:16,753  INFO [main] GetOtpFromDB:39 - statusmessage from response :5749
2020-06-12 18:57:37,292  INFO [main] Listener:97 - inside Class Test onTestSuccess
2020-06-12 18:57:37,299  INFO [main] Listener:86 - Executing methodSchedulingForNotified.successCustomerBrowserLaunch()[pri:2, instance:BrowserLaunch.SchedulingForNotified@13e39c73]
2020-06-12 18:57:37,299  INFO [main] Listener:87 - inside Class Test onTestStart
2020-06-12 18:57:38,220  INFO [main] GetOtpFromDB:20 - inside getOtp from DB
2020-06-12 18:57:38,223  INFO [main] GetOtpFromDB:24 - GET http://localhost:8014/OtpServlet/GetOtpFromDB?Mobilenumber=8310378098&CountryCode=91 HTTP/1.1
2020-06-12 18:57:38,244  INFO [main] GetOtpFromDB:27 - HTTP/1.1 200 
2020-06-12 18:57:38,245  INFO [main] GetOtpFromDB:31 - {"json":{"response":{"Mobilenumber":"94c9a0353055f5b32bf6c1e535adb2a4","CountryCode":"54229abfcfa5649e7003b83dd4755294","Otp":"5749"}}}
2020-06-12 18:57:38,246  INFO [main] GetOtpFromDB:33 - requestObj :{"json":{"response":{"Mobilenumber":"94c9a0353055f5b32bf6c1e535adb2a4","CountryCode":"54229abfcfa5649e7003b83dd4755294","Otp":"5749"}}}
2020-06-12 18:57:38,247  INFO [main] GetOtpFromDB:35 - results :{"response":{"Mobilenumber":"94c9a0353055f5b32bf6c1e535adb2a4","CountryCode":"54229abfcfa5649e7003b83dd4755294","Otp":"5749"}}
2020-06-12 18:57:38,248  INFO [main] GetOtpFromDB:37 - response :{"Mobilenumber":"94c9a0353055f5b32bf6c1e535adb2a4","CountryCode":"54229abfcfa5649e7003b83dd4755294","Otp":"5749"}
2020-06-12 18:57:38,250  INFO [main] GetOtpFromDB:39 - statusmessage from response :5749
2020-06-12 18:57:50,316  INFO [main] Listener:64 - Result - java.lang.AssertionError: expected [https://qa1.jobztop.com/astronethra/#/astrologer/QandA] but found [https://qa1.jobztop.com/astronethra/#/AstrologerHome]
2020-06-12 18:57:51,850  INFO [main] Listener:86 - Executing methodSchedulingForNotified.SchedulingWithInvalidDataForNotified()[pri:3, instance:BrowserLaunch.SchedulingForNotified@13e39c73]
2020-06-12 18:57:51,851  INFO [main] Listener:87 - inside Class Test onTestStart
2020-06-12 18:59:21,978  INFO [main] Listener:64 - Result - org.openqa.selenium.NoSuchElementException: no such element: Unable to locate element: {"method":"xpath","selector":"/html/body/app-root/app-astrologer/app-result-page/html/body/div/div[1]/div/div/div[2]/div/div/ul/li[2]/a"}
  (Session info: chrome=83.0.4103.97)
For documentation on this error, please visit: http://seleniumhq.org/exceptions/no_such_element.html
Build info: version: '3.11.0', revision: 'e59cfb3', time: '2018-03-11T20:33:08.638Z'
System info: host: 'DESKTOP-PNR9VK8', ip: '192.168.225.177', os.name: 'Windows 10', os.arch: 'amd64', os.version: '10.0', java.version: '1.8.0_111'
Driver info: org.openqa.selenium.chrome.ChromeDriver
Capabilities {acceptInsecureCerts: false, browserName: chrome, browserVersion: 83.0.4103.97, chrome: {chromedriverVersion: 83.0.4103.14 (be04594a2b841..., userDataDir: C:\Users\IT\AppData\Local\T...}, goog:chromeOptions: {debuggerAddress: localhost:54648}, javascriptEnabled: true, networkConnectionEnabled: false, pageLoadStrategy: normal, platform: WINDOWS, platformName: WINDOWS, proxy: Proxy(), setWindowRect: true, strictFileInteractability: false, timeouts: {implicit: 0, pageLoad: 300000, script: 30000}, unhandledPromptBehavior: dismiss and notify, webauthn:virtualAuthenticators: true}
Session ID: 702b5f3125ecd749fe6866dcfea3fd70
*** Element info: {Using=xpath, value=/html/body/app-root/app-astrologer/app-result-page/html/body/div/div[1]/div/div/div[2]/div/div/ul/li[2]/a}
2020-06-12 18:59:23,374  INFO [main] Listener:86 - Executing methodSchedulingForNotified.FilterUsingLapsed()[pri:4, instance:BrowserLaunch.SchedulingForNotified@13e39c73]
2020-06-12 18:59:23,375  INFO [main] Listener:87 - inside Class Test onTestStart
2020-06-12 19:00:53,427  INFO [main] Listener:64 - Result - org.openqa.selenium.NoSuchElementException: no such element: Unable to locate element: {"method":"xpath","selector":"/html/body/app-root/app-common-file/app-horoscoperesults-list/html/body/div[2]/div/div/ul/li[4]/a"}
  (Session info: chrome=83.0.4103.97)
For documentation on this error, please visit: http://seleniumhq.org/exceptions/no_such_element.html
Build info: version: '3.11.0', revision: 'e59cfb3', time: '2018-03-11T20:33:08.638Z'
System info: host: 'DESKTOP-PNR9VK8', ip: '192.168.225.177', os.name: 'Windows 10', os.arch: 'amd64', os.version: '10.0', java.version: '1.8.0_111'
Driver info: org.openqa.selenium.chrome.ChromeDriver
Capabilities {acceptInsecureCerts: false, browserName: chrome, browserVersion: 83.0.4103.97, chrome: {chromedriverVersion: 83.0.4103.14 (be04594a2b841..., userDataDir: C:\Users\IT\AppData\Local\T...}, goog:chromeOptions: {debuggerAddress: localhost:54704}, javascriptEnabled: true, networkConnectionEnabled: false, pageLoadStrategy: normal, platform: WINDOWS, platformName: WINDOWS, proxy: Proxy(), setWindowRect: true, strictFileInteractability: false, timeouts: {implicit: 0, pageLoad: 300000, script: 30000}, unhandledPromptBehavior: dismiss and notify, webauthn:virtualAuthenticators: true}
Session ID: 76cd9ed0983af24b445381ca44e0eaf1
*** Element info: {Using=xpath, value=/html/body/app-root/app-common-file/app-horoscoperesults-list/html/body/div[2]/div/div/ul/li[4]/a}
2020-06-12 19:00:56,603  INFO [main] Listener:33 - inside Class Test OnFinsish
2020-06-12 19:00:56,698 DEBUG [main] cache:45 - Couldn't find template in cache for "v3html/v3-html-index.ftl"("en", UTF-8, parsed); will try to load it.
2020-06-12 19:00:56,700 DEBUG [main] cache:45 - TemplateLoader.findTemplateSource("v3html/v3-html-index_en.ftl"): Not found
2020-06-12 19:00:56,702 DEBUG [main] cache:45 - TemplateLoader.findTemplateSource("v3html/v3-html-index.ftl"): Found
2020-06-12 19:00:56,703 DEBUG [main] cache:45 - Loading template for "v3html/v3-html-index.ftl"("en", UTF-8, parsed) from "jar:file:/C:/Users/IT/.m2/repository/com/aventstack/extentreports/4.0.9/extentreports-4.0.9.jar!/com/aventstack/extentreports/view/v3html/v3-html-index.ftl"
2020-06-12 19:00:57,160 DEBUG [main] cache:45 - Couldn't find template in cache for "v3html/v3-html-head.ftl"("en", UTF-8, parsed); will try to load it.
2020-06-12 19:00:57,161 DEBUG [main] cache:45 - TemplateLoader.findTemplateSource("v3html/v3-html-head_en.ftl"): Not found
2020-06-12 19:00:57,162 DEBUG [main] cache:45 - TemplateLoader.findTemplateSource("v3html/v3-html-head.ftl"): Found
2020-06-12 19:00:57,162 DEBUG [main] cache:45 - Loading template for "v3html/v3-html-head.ftl"("en", UTF-8, parsed) from "jar:file:/C:/Users/IT/.m2/repository/com/aventstack/extentreports/4.0.9/extentreports-4.0.9.jar!/com/aventstack/extentreports/view/v3html/v3-html-head.ftl"
2020-06-12 19:00:57,170 DEBUG [main] cache:45 - Couldn't find template in cache for "v3html/v3-html-nav.ftl"("en", UTF-8, parsed); will try to load it.
2020-06-12 19:00:57,172 DEBUG [main] cache:45 - TemplateLoader.findTemplateSource("v3html/v3-html-nav_en.ftl"): Not found
2020-06-12 19:00:57,173 DEBUG [main] cache:45 - TemplateLoader.findTemplateSource("v3html/v3-html-nav.ftl"): Found
2020-06-12 19:00:57,174 DEBUG [main] cache:45 - Loading template for "v3html/v3-html-nav.ftl"("en", UTF-8, parsed) from "jar:file:/C:/Users/IT/.m2/repository/com/aventstack/extentreports/4.0.9/extentreports-4.0.9.jar!/com/aventstack/extentreports/view/v3html/v3-html-nav.ftl"
2020-06-12 19:00:57,186 DEBUG [main] cache:45 - Couldn't find template in cache for "v3html/test-view/v3-html-test-view.ftl"("en", UTF-8, parsed); will try to load it.
2020-06-12 19:00:57,187 DEBUG [main] cache:45 - TemplateLoader.findTemplateSource("v3html/test-view/v3-html-test-view_en.ftl"): Not found
2020-06-12 19:00:57,188 DEBUG [main] cache:45 - TemplateLoader.findTemplateSource("v3html/test-view/v3-html-test-view.ftl"): Found
2020-06-12 19:00:57,188 DEBUG [main] cache:45 - Loading template for "v3html/test-view/v3-html-test-view.ftl"("en", UTF-8, parsed) from "jar:file:/C:/Users/IT/.m2/repository/com/aventstack/extentreports/4.0.9/extentreports-4.0.9.jar!/com/aventstack/extentreports/view/v3html/test-view/v3-html-test-view.ftl"
2020-06-12 19:00:57,225 DEBUG [main] cache:45 - Couldn't find template in cache for "v3html/test-view/v3-html-test-view-charts.ftl"("en", UTF-8, parsed); will try to load it.
2020-06-12 19:00:57,226 DEBUG [main] cache:45 - TemplateLoader.findTemplateSource("v3html/test-view/v3-html-test-view-charts_en.ftl"): Not found
2020-06-12 19:00:57,227 DEBUG [main] cache:45 - TemplateLoader.findTemplateSource("v3html/test-view/v3-html-test-view-charts.ftl"): Found
2020-06-12 19:00:57,228 DEBUG [main] cache:45 - Loading template for "v3html/test-view/v3-html-test-view-charts.ftl"("en", UTF-8, parsed) from "jar:file:/C:/Users/IT/.m2/repository/com/aventstack/extentreports/4.0.9/extentreports-4.0.9.jar!/com/aventstack/extentreports/view/v3html/test-view/v3-html-test-view-charts.ftl"
2020-06-12 19:00:57,248 DEBUG [main] cache:45 - Couldn't find template in cache for "v3html/test-view/v3-html-standard.ftl"("en", UTF-8, parsed); will try to load it.
2020-06-12 19:00:57,249 DEBUG [main] cache:45 - TemplateLoader.findTemplateSource("v3html/test-view/v3-html-standard_en.ftl"): Not found
2020-06-12 19:00:57,250 DEBUG [main] cache:45 - TemplateLoader.findTemplateSource("v3html/test-view/v3-html-standard.ftl"): Found
2020-06-12 19:00:57,251 DEBUG [main] cache:45 - Loading template for "v3html/test-view/v3-html-standard.ftl"("en", UTF-8, parsed) from "jar:file:/C:/Users/IT/.m2/repository/com/aventstack/extentreports/4.0.9/extentreports-4.0.9.jar!/com/aventstack/extentreports/view/v3html/test-view/v3-html-standard.ftl"
2020-06-12 19:00:57,306 DEBUG [main] cache:45 - "v3html/test-view/v3-html-standard.ftl"("en", UTF-8, parsed) cached copy not yet stale; using cached.
2020-06-12 19:00:57,331 DEBUG [main] cache:45 - "v3html/test-view/v3-html-standard.ftl"("en", UTF-8, parsed) cached copy not yet stale; using cached.
2020-06-12 19:00:57,343 DEBUG [main] cache:45 - "v3html/test-view/v3-html-standard.ftl"("en", UTF-8, parsed) cached copy not yet stale; using cached.
2020-06-12 19:00:57,353 DEBUG [main] cache:45 - Couldn't find template in cache for "v3html/category-view/v3-html-category-view.ftl"("en", UTF-8, parsed); will try to load it.
2020-06-12 19:00:57,357 DEBUG [main] cache:45 - TemplateLoader.findTemplateSource("v3html/category-view/v3-html-category-view_en.ftl"): Not found
2020-06-12 19:00:57,359 DEBUG [main] cache:45 - TemplateLoader.findTemplateSource("v3html/category-view/v3-html-category-view.ftl"): Found
2020-06-12 19:00:57,360 DEBUG [main] cache:45 - Loading template for "v3html/category-view/v3-html-category-view.ftl"("en", UTF-8, parsed) from "jar:file:/C:/Users/IT/.m2/repository/com/aventstack/extentreports/4.0.9/extentreports-4.0.9.jar!/com/aventstack/extentreports/view/v3html/category-view/v3-html-category-view.ftl"
2020-06-12 19:00:57,371 DEBUG [main] cache:45 - Couldn't find template in cache for "v3html/exception-view/v3-html-exception-view.ftl"("en", UTF-8, parsed); will try to load it.
2020-06-12 19:00:57,375 DEBUG [main] cache:45 - TemplateLoader.findTemplateSource("v3html/exception-view/v3-html-exception-view_en.ftl"): Not found
2020-06-12 19:00:57,377 DEBUG [main] cache:45 - TemplateLoader.findTemplateSource("v3html/exception-view/v3-html-exception-view.ftl"): Found
2020-06-12 19:00:57,378 DEBUG [main] cache:45 - Loading template for "v3html/exception-view/v3-html-exception-view.ftl"("en", UTF-8, parsed) from "jar:file:/C:/Users/IT/.m2/repository/com/aventstack/extentreports/4.0.9/extentreports-4.0.9.jar!/com/aventstack/extentreports/view/v3html/exception-view/v3-html-exception-view.ftl"
2020-06-12 19:00:57,396 DEBUG [main] cache:45 - Couldn't find template in cache for "v3html/author-view/v3-html-author-view.ftl"("en", UTF-8, parsed); will try to load it.
2020-06-12 19:00:57,398 DEBUG [main] cache:45 - TemplateLoader.findTemplateSource("v3html/author-view/v3-html-author-view_en.ftl"): Not found
2020-06-12 19:00:57,399 DEBUG [main] cache:45 - TemplateLoader.findTemplateSource("v3html/author-view/v3-html-author-view.ftl"): Found
2020-06-12 19:00:57,400 DEBUG [main] cache:45 - Loading template for "v3html/author-view/v3-html-author-view.ftl"("en", UTF-8, parsed) from "jar:file:/C:/Users/IT/.m2/repository/com/aventstack/extentreports/4.0.9/extentreports-4.0.9.jar!/com/aventstack/extentreports/view/v3html/author-view/v3-html-author-view.ftl"
2020-06-12 19:00:57,418 DEBUG [main] cache:45 - Couldn't find template in cache for "v3html/dashboard-view/v3-html-dashboard-view.ftl"("en", UTF-8, parsed); will try to load it.
2020-06-12 19:00:57,420 DEBUG [main] cache:45 - TemplateLoader.findTemplateSource("v3html/dashboard-view/v3-html-dashboard-view_en.ftl"): Not found
2020-06-12 19:00:57,421 DEBUG [main] cache:45 - TemplateLoader.findTemplateSource("v3html/dashboard-view/v3-html-dashboard-view.ftl"): Found
2020-06-12 19:00:57,422 DEBUG [main] cache:45 - Loading template for "v3html/dashboard-view/v3-html-dashboard-view.ftl"("en", UTF-8, parsed) from "jar:file:/C:/Users/IT/.m2/repository/com/aventstack/extentreports/4.0.9/extentreports-4.0.9.jar!/com/aventstack/extentreports/view/v3html/dashboard-view/v3-html-dashboard-view.ftl"
2020-06-12 19:00:57,456 DEBUG [main] cache:45 - Couldn't find template in cache for "v3html/logs-view/v3-html-testrunner-logs-view.ftl"("en", UTF-8, parsed); will try to load it.
2020-06-12 19:00:57,461 DEBUG [main] cache:45 - TemplateLoader.findTemplateSource("v3html/logs-view/v3-html-testrunner-logs-view_en.ftl"): Not found
2020-06-12 19:00:57,462 DEBUG [main] cache:45 - TemplateLoader.findTemplateSource("v3html/logs-view/v3-html-testrunner-logs-view.ftl"): Found
2020-06-12 19:00:57,463 DEBUG [main] cache:45 - Loading template for "v3html/logs-view/v3-html-testrunner-logs-view.ftl"("en", UTF-8, parsed) from "jar:file:/C:/Users/IT/.m2/repository/com/aventstack/extentreports/4.0.9/extentreports-4.0.9.jar!/com/aventstack/extentreports/view/v3html/logs-view/v3-html-testrunner-logs-view.ftl"
2020-06-12 19:00:57,505  INFO [main] Listener:102 - Stopping Appium server
